# JRE version: Java(TM) SE Runtime Environment (8.0_191-b12) (build 1.8.0_191-b12)
# Java VM: Java HotSpot(TM) 64-Bit Server VM (25.191-b12 mixed mode linux-amd64 compressed oops)
Heap:
 PSYoungGen      total 141824K, used 21583K [0x00000000d6e00000, 0x00000000e0800000, 0x0000000100000000)
  eden space 126976K, 16% used [0x00000000d6e00000,0x00000000d8313d58,0x00000000dea00000)
  from space 14848K, 0% used [0x00000000df980000,0x00000000df980000,0x00000000e0800000)
  to   space 15360K, 0% used [0x00000000dea00000,0x00000000dea00000,0x00000000df900000)
 ParOldGen       total 84992K, used 6243K [0x0000000084a00000, 0x0000000089d00000, 0x00000000d6e00000)
  object space 84992K, 7% used [0x0000000084a00000,0x0000000085018c10,0x0000000089d00000)
 Metaspace       used 12925K, capacity 13096K, committed 13312K, reserved 1060864K
  class space    used 1396K, capacity 1470K, committed 1536K, reserved 1048576K
GC Heap History (10 events):
Event: 23.766 GC heap before
{Heap before GC invocations=242 (full 118):
 PSYoungGen      total 142336K, used 12422K [0x00000000d6e00000, 0x00000000e0800000, 0x0000000100000000)
  eden space 126976K, 0% used [0x00000000d6e00000,0x00000000d6e00000,0x00000000dea00000)
  from space 15360K, 80% used [0x00000000df900000,0x00000000e0521830,0x00000000e0800000)
  to   space 15360K, 0% used [0x00000000dea00000,0x00000000dea00000,0x00000000df900000)
 ParOldGen       total 84992K, used 6243K [0x0000000084a00000, 0x0000000089d00000, 0x00000000d6e00000)
  object space 84992K, 7% used [0x0000000084a00000,0x0000000085018c10,0x0000000089d00000)
 Metaspace       used 12923K, capacity 13096K, committed 13312K, reserved 1060864K
  class space    used 1396K, capacity 1470K, committed 1536K, reserved 1048576K
Event: 23.775 GC heap after
Heap after GC invocations=242 (full 118):
 PSYoungGen      total 142336K, used 0K [0x00000000d6e00000, 0x00000000e0800000, 0x0000000100000000)
  eden space 126976K, 0% used [0x00000000d6e00000,0x00000000d6e00000,0x00000000dea00000)
  from space 15360K, 0% used [0x00000000df900000,0x00000000df900000,0x00000000e0800000)
  to   space 15360K, 0% used [0x00000000dea00000,0x00000000dea00000,0x00000000df900000)
 ParOldGen       total 84992K, used 6243K [0x0000000084a00000, 0x0000000089d00000, 0x00000000d6e00000)
  object space 84992K, 7% used [0x0000000084a00000,0x0000000085018c10,0x0000000089d00000)
 Metaspace       used 12923K, capacity 13096K, committed 13312K, reserved 1060864K
  class space    used 1396K, capacity 1470K, committed 1536K, reserved 1048576K
}
Event: 23.901 GC heap before
{Heap before GC invocations=243 (full 118):
 PSYoungGen      total 142336K, used 19220K [0x00000000d6e00000, 0x00000000e0800000, 0x0000000100000000)
  eden space 126976K, 15% used [0x00000000d6e00000,0x00000000d80c50a8,0x00000000dea00000)
  from space 15360K, 0% used [0x00000000df900000,0x00000000df900000,0x00000000e0800000)
  to   space 15360K, 0% used [0x00000000dea00000,0x00000000dea00000,0x00000000df900000)
 ParOldGen       total 84992K, used 6243K [0x0000000084a00000, 0x0000000089d00000, 0x00000000d6e00000)
  object space 84992K, 7% used [0x0000000084a00000,0x0000000085018c10,0x0000000089d00000)
 Metaspace       used 12923K, capacity 13096K, committed 13312K, reserved 1060864K
  class space    used 1396K, capacity 1470K, committed 1536K, reserved 1048576K
Event: 23.903 GC heap after
Heap after GC invocations=243 (full 118):
 PSYoungGen      total 142336K, used 8292K [0x00000000d6e00000, 0x00000000e0900000, 0x0000000100000000)
  eden space 126976K, 0% used [0x00000000d6e00000,0x00000000d6e00000,0x00000000dea00000)
  from space 15360K, 53% used [0x00000000dea00000,0x00000000df219020,0x00000000df900000)
  to   space 15872K, 0% used [0x00000000df980000,0x00000000df980000,0x00000000e0900000)
 ParOldGen       total 84992K, used 6243K [0x0000000084a00000, 0x0000000089d00000, 0x00000000d6e00000)
  object space 84992K, 7% used [0x0000000084a00000,0x0000000085018c10,0x0000000089d00000)
 Metaspace       used 12923K, capacity 13096K, committed 13312K, reserved 1060864K
  class space    used 1396K, capacity 1470K, committed 1536K, reserved 1048576K
}
Event: 23.903 GC heap before
{Heap before GC invocations=244 (full 119):
 PSYoungGen      total 142336K, used 8292K [0x00000000d6e00000, 0x00000000e0900000, 0x0000000100000000)
  eden space 126976K, 0% used [0x00000000d6e00000,0x00000000d6e00000,0x00000000dea00000)
  from space 15360K, 53% used [0x00000000dea00000,0x00000000df219020,0x00000000df900000)
  to   space 15872K, 0% used [0x00000000df980000,0x00000000df980000,0x00000000e0900000)
 ParOldGen       total 84992K, used 6243K [0x0000000084a00000, 0x0000000089d00000, 0x00000000d6e00000)
  object space 84992K, 7% used [0x0000000084a00000,0x0000000085018c10,0x0000000089d00000)
 Metaspace       used 12923K, capacity 13096K, committed 13312K, reserved 1060864K
  class space    used 1396K, capacity 1470K, committed 1536K, reserved 1048576K
Event: 23.912 GC heap after
Heap after GC invocations=244 (full 119):
 PSYoungGen      total 142336K, used 0K [0x00000000d6e00000, 0x00000000e0900000, 0x0000000100000000)
  eden space 126976K, 0% used [0x00000000d6e00000,0x00000000d6e00000,0x00000000dea00000)
  from space 15360K, 0% used [0x00000000dea00000,0x00000000dea00000,0x00000000df900000)
  to   space 15872K, 0% used [0x00000000df980000,0x00000000df980000,0x00000000e0900000)
 ParOldGen       total 84992K, used 6243K [0x0000000084a00000, 0x0000000089d00000, 0x00000000d6e00000)
  object space 84992K, 7% used [0x0000000084a00000,0x0000000085018c10,0x0000000089d00000)
 Metaspace       used 12923K, capacity 13096K, committed 13312K, reserved 1060864K
  class space    used 1396K, capacity 1470K, committed 1536K, reserved 1048576K
}
Event: 24.039 GC heap before
{Heap before GC invocations=245 (full 119):
 PSYoungGen      total 142336K, used 19220K [0x00000000d6e00000, 0x00000000e0900000, 0x0000000100000000)
  eden space 126976K, 15% used [0x00000000d6e00000,0x00000000d80c50a8,0x00000000dea00000)
  from space 15360K, 0% used [0x00000000dea00000,0x00000000dea00000,0x00000000df900000)
  to   space 15872K, 0% used [0x00000000df980000,0x00000000df980000,0x00000000e0900000)
 ParOldGen       total 84992K, used 6243K [0x0000000084a00000, 0x0000000089d00000, 0x00000000d6e00000)
  object space 84992K, 7% used [0x0000000084a00000,0x0000000085018c10,0x0000000089d00000)
 Metaspace       used 12924K, capacity 13096K, committed 13312K, reserved 1060864K
  class space    used 1396K, capacity 1470K, committed 1536K, reserved 1048576K
Event: 24.041 GC heap after
Heap after GC invocations=245 (full 119):
 PSYoungGen      total 141824K, used 12422K [0x00000000d6e00000, 0x00000000e0800000, 0x0000000100000000)
  eden space 126976K, 0% used [0x00000000d6e00000,0x00000000d6e00000,0x00000000dea00000)
  from space 14848K, 83% used [0x00000000df980000,0x00000000e05a1830,0x00000000e0800000)
  to   space 15360K, 0% used [0x00000000dea00000,0x00000000dea00000,0x00000000df900000)
 ParOldGen       total 84992K, used 6243K [0x0000000084a00000, 0x0000000089d00000, 0x00000000d6e00000)
  object space 84992K, 7% used [0x0000000084a00000,0x0000000085018c10,0x0000000089d00000)
 Metaspace       used 12924K, capacity 13096K, committed 13312K, reserved 1060864K
  class space    used 1396K, capacity 1470K, committed 1536K, reserved 1048576K
}
Event: 24.041 GC heap before
{Heap before GC invocations=246 (full 120):
 PSYoungGen      total 141824K, used 12422K [0x00000000d6e00000, 0x00000000e0800000, 0x0000000100000000)
  eden space 126976K, 0% used [0x00000000d6e00000,0x00000000d6e00000,0x00000000dea00000)
  from space 14848K, 83% used [0x00000000df980000,0x00000000e05a1830,0x00000000e0800000)
  to   space 15360K, 0% used [0x00000000dea00000,0x00000000dea00000,0x00000000df900000)
 ParOldGen       total 84992K, used 6243K [0x0000000084a00000, 0x0000000089d00000, 0x00000000d6e00000)
  object space 84992K, 7% used [0x0000000084a00000,0x0000000085018c10,0x0000000089d00000)
 Metaspace       used 12924K, capacity 13096K, committed 13312K, reserved 1060864K
  class space    used 1396K, capacity 1470K, committed 1536K, reserved 1048576K
Event: 24.049 GC heap after
Heap after GC invocations=246 (full 120):
 PSYoungGen      total 141824K, used 0K [0x00000000d6e00000, 0x00000000e0800000, 0x0000000100000000)
  eden space 126976K, 0% used [0x00000000d6e00000,0x00000000d6e00000,0x00000000dea00000)
  from space 14848K, 0% used [0x00000000df980000,0x00000000df980000,0x00000000e0800000)
  to   space 15360K, 0% used [0x00000000dea00000,0x00000000dea00000,0x00000000df900000)
 ParOldGen       total 84992K, used 6243K [0x0000000084a00000, 0x0000000089d00000, 0x00000000d6e00000)
  object space 84992K, 7% used [0x0000000084a00000,0x0000000085018c10,0x0000000089d00000)
 Metaspace       used 12924K, capacity 13096K, committed 13312K, reserved 1060864K
  class space    used 1396K, capacity 1470K, committed 1536K, reserved 1048576K
}

