# JRE version: Java(TM) SE Runtime Environment (8.0_191-b12) (build 1.8.0_191-b12)
# Java VM: Java HotSpot(TM) 64-Bit Server VM (25.191-b12 mixed mode linux-amd64 compressed oops)
Heap:
 PSYoungGen      total 356864K, used 194698K [0x00000000d6e00000, 0x00000000efb00000, 0x0000000100000000)
  eden space 352768K, 55% used [0x00000000d6e00000,0x00000000e2c228f8,0x00000000ec680000)
  from space 4096K, 0% used [0x00000000ef300000,0x00000000ef300000,0x00000000ef700000)
  to   space 4096K, 0% used [0x00000000ef700000,0x00000000ef700000,0x00000000efb00000)
 ParOldGen       total 64512K, used 6276K [0x0000000084a00000, 0x0000000088900000, 0x00000000d6e00000)
  object space 64512K, 9% used [0x0000000084a00000,0x0000000085021398,0x0000000088900000)
 Metaspace       used 12953K, capacity 13160K, committed 13312K, reserved 1060864K
  class space    used 1396K, capacity 1470K, committed 1536K, reserved 1048576K
GC Heap History (10 events):
Event: 21.460 GC heap before
{Heap before GC invocations=11 (full 0):
 PSYoungGen      total 409600K, used 405632K [0x00000000d6e00000, 0x00000000f0200000, 0x0000000100000000)
  eden space 405504K, 100% used [0x00000000d6e00000,0x00000000efa00000,0x00000000efa00000)
  from space 4096K, 3% used [0x00000000efe00000,0x00000000efe20000,0x00000000f0200000)
  to   space 4096K, 0% used [0x00000000efa00000,0x00000000efa00000,0x00000000efe00000)
 ParOldGen       total 84992K, used 63729K [0x0000000084a00000, 0x0000000089d00000, 0x00000000d6e00000)
  object space 84992K, 74% used [0x0000000084a00000,0x000000008883c7f0,0x0000000089d00000)
 Metaspace       used 12907K, capacity 13096K, committed 13312K, reserved 1060864K
  class space    used 1396K, capacity 1470K, committed 1536K, reserved 1048576K
Event: 21.469 GC heap after
Heap after GC invocations=11 (full 0):
 PSYoungGen      total 387584K, used 128K [0x00000000d6e00000, 0x00000000efe80000, 0x0000000100000000)
  eden space 387072K, 0% used [0x00000000d6e00000,0x00000000d6e00000,0x00000000ee800000)
  from space 512K, 25% used [0x00000000efa00000,0x00000000efa20000,0x00000000efa80000)
  to   space 4096K, 0% used [0x00000000efa80000,0x00000000efa80000,0x00000000efe80000)
 ParOldGen       total 84992K, used 80146K [0x0000000084a00000, 0x0000000089d00000, 0x00000000d6e00000)
  object space 84992K, 94% used [0x0000000084a00000,0x0000000089844830,0x0000000089d00000)
 Metaspace       used 12907K, capacity 13096K, committed 13312K, reserved 1060864K
  class space    used 1396K, capacity 1470K, committed 1536K, reserved 1048576K
}
Event: 21.469 GC heap before
{Heap before GC invocations=12 (full 1):
 PSYoungGen      total 387584K, used 128K [0x00000000d6e00000, 0x00000000efe80000, 0x0000000100000000)
  eden space 387072K, 0% used [0x00000000d6e00000,0x00000000d6e00000,0x00000000ee800000)
  from space 512K, 25% used [0x00000000efa00000,0x00000000efa20000,0x00000000efa80000)
  to   space 4096K, 0% used [0x00000000efa80000,0x00000000efa80000,0x00000000efe80000)
 ParOldGen       total 84992K, used 80146K [0x0000000084a00000, 0x0000000089d00000, 0x00000000d6e00000)
  object space 84992K, 94% used [0x0000000084a00000,0x0000000089844830,0x0000000089d00000)
 Metaspace       used 12907K, capacity 13096K, committed 13312K, reserved 1060864K
  class space    used 1396K, capacity 1470K, committed 1536K, reserved 1048576K
Event: 21.488 GC heap after
Heap after GC invocations=12 (full 1):
 PSYoungGen      total 387584K, used 0K [0x00000000d6e00000, 0x00000000efe80000, 0x0000000100000000)
  eden space 387072K, 0% used [0x00000000d6e00000,0x00000000d6e00000,0x00000000ee800000)
  from space 512K, 0% used [0x00000000efa00000,0x00000000efa00000,0x00000000efa80000)
  to   space 4096K, 0% used [0x00000000efa80000,0x00000000efa80000,0x00000000efe80000)
 ParOldGen       total 61440K, used 6276K [0x0000000084a00000, 0x0000000088600000, 0x00000000d6e00000)
  object space 61440K, 10% used [0x0000000084a00000,0x0000000085021198,0x0000000088600000)
 Metaspace       used 12907K, capacity 13096K, committed 13312K, reserved 1060864K
  class space    used 1396K, capacity 1470K, committed 1536K, reserved 1048576K
}
Event: 24.601 GC heap before
{Heap before GC invocations=13 (full 1):
 PSYoungGen      total 387584K, used 387072K [0x00000000d6e00000, 0x00000000efe80000, 0x0000000100000000)
  eden space 387072K, 100% used [0x00000000d6e00000,0x00000000ee800000,0x00000000ee800000)
  from space 512K, 0% used [0x00000000efa00000,0x00000000efa00000,0x00000000efa80000)
  to   space 4096K, 0% used [0x00000000efa80000,0x00000000efa80000,0x00000000efe80000)
 ParOldGen       total 61440K, used 6276K [0x0000000084a00000, 0x0000000088600000, 0x00000000d6e00000)
  object space 61440K, 10% used [0x0000000084a00000,0x0000000085021198,0x0000000088600000)
 Metaspace       used 12939K, capacity 13096K, committed 13312K, reserved 1060864K
  class space    used 1396K, capacity 1470K, committed 1536K, reserved 1048576K
Event: 24.603 GC heap after
Heap after GC invocations=13 (full 1):
 PSYoungGen      total 370176K, used 128K [0x00000000d6e00000, 0x00000000efb00000, 0x0000000100000000)
  eden space 369664K, 0% used [0x00000000d6e00000,0x00000000d6e00000,0x00000000ed700000)
  from space 512K, 25% used [0x00000000efa80000,0x00000000efaa0000,0x00000000efb00000)
  to   space 4096K, 0% used [0x00000000ef300000,0x00000000ef300000,0x00000000ef700000)
 ParOldGen       total 61440K, used 22676K [0x0000000084a00000, 0x0000000088600000, 0x00000000d6e00000)
  object space 61440K, 36% used [0x0000000084a00000,0x00000000860251d8,0x0000000088600000)
 Metaspace       used 12939K, capacity 13096K, committed 13312K, reserved 1060864K
  class space    used 1396K, capacity 1470K, committed 1536K, reserved 1048576K
}
Event: 27.610 GC heap before
{Heap before GC invocations=14 (full 1):
 PSYoungGen      total 370176K, used 369792K [0x00000000d6e00000, 0x00000000efb00000, 0x0000000100000000)
  eden space 369664K, 100% used [0x00000000d6e00000,0x00000000ed700000,0x00000000ed700000)
  from space 512K, 25% used [0x00000000efa80000,0x00000000efaa0000,0x00000000efb00000)
  to   space 4096K, 0% used [0x00000000ef300000,0x00000000ef300000,0x00000000ef700000)
 ParOldGen       total 61440K, used 22676K [0x0000000084a00000, 0x0000000088600000, 0x00000000d6e00000)
  object space 61440K, 36% used [0x0000000084a00000,0x00000000860251d8,0x0000000088600000)
 Metaspace       used 12943K, capacity 13096K, committed 13312K, reserved 1060864K
  class space    used 1396K, capacity 1470K, committed 1536K, reserved 1048576K
Event: 27.613 GC heap after
Heap after GC invocations=14 (full 1):
 PSYoungGen      total 356864K, used 160K [0x00000000d6e00000, 0x00000000efb00000, 0x0000000100000000)
  eden space 352768K, 0% used [0x00000000d6e00000,0x00000000d6e00000,0x00000000ec680000)
  from space 4096K, 3% used [0x00000000ef300000,0x00000000ef328000,0x00000000ef700000)
  to   space 4096K, 0% used [0x00000000ef700000,0x00000000ef700000,0x00000000efb00000)
 ParOldGen       total 61440K, used 39084K [0x0000000084a00000, 0x0000000088600000, 0x00000000d6e00000)
  object space 61440K, 63% used [0x0000000084a00000,0x000000008702b218,0x0000000088600000)
 Metaspace       used 12943K, capacity 13096K, committed 13312K, reserved 1060864K
  class space    used 1396K, capacity 1470K, committed 1536K, reserved 1048576K
}
Event: 27.613 GC heap before
{Heap before GC invocations=15 (full 2):
 PSYoungGen      total 356864K, used 160K [0x00000000d6e00000, 0x00000000efb00000, 0x0000000100000000)
  eden space 352768K, 0% used [0x00000000d6e00000,0x00000000d6e00000,0x00000000ec680000)
  from space 4096K, 3% used [0x00000000ef300000,0x00000000ef328000,0x00000000ef700000)
  to   space 4096K, 0% used [0x00000000ef700000,0x00000000ef700000,0x00000000efb00000)
 ParOldGen       total 61440K, used 39084K [0x0000000084a00000, 0x0000000088600000, 0x00000000d6e00000)
  object space 61440K, 63% used [0x0000000084a00000,0x000000008702b218,0x0000000088600000)
 Metaspace       used 12943K, capacity 13096K, committed 13312K, reserved 1060864K
  class space    used 1396K, capacity 1470K, committed 1536K, reserved 1048576K
Event: 27.621 GC heap after
Heap after GC invocations=15 (full 2):
 PSYoungGen      total 356864K, used 0K [0x00000000d6e00000, 0x00000000efb00000, 0x0000000100000000)
  eden space 352768K, 0% used [0x00000000d6e00000,0x00000000d6e00000,0x00000000ec680000)
  from space 4096K, 0% used [0x00000000ef300000,0x00000000ef300000,0x00000000ef700000)
  to   space 4096K, 0% used [0x00000000ef700000,0x00000000ef700000,0x00000000efb00000)
 ParOldGen       total 64512K, used 6276K [0x0000000084a00000, 0x0000000088900000, 0x00000000d6e00000)
  object space 64512K, 9% used [0x0000000084a00000,0x0000000085021398,0x0000000088900000)
 Metaspace       used 12943K, capacity 13096K, committed 13312K, reserved 1060864K
  class space    used 1396K, capacity 1470K, committed 1536K, reserved 1048576K
}

